#
# A fatal error has been detected by the Java Runtime Environment:
#
#  EXCEPTION_ACCESS_VIOLATION (0xc0000005) at pc=0xffffffffa4795120, pid=2900, tid=0x0000000000001fa8
#
# JRE version: OpenJDK Runtime Environment (8.0_76-b03) (build 1.8.0_76-release-b03)
# Java VM: OpenJDK 64-Bit Server VM (25.76-b03 mixed mode windows-amd64 compressed oops)
# Problematic frame:
# C  0xffffffffa4795120
#
# Failed to write core dump. Minidumps are not enabled by default on client versions of Windows
#
# If you would like to submit a bug report, please visit:
#   http://bugreport.java.com/bugreport/crash.jsp
#

---------------  T H R E A D  ---------------

Current thread (0x00000000594cd000):  JavaThread "Daemon worker" [_thread_in_Java, id=8104, stack(0x000000005b5f0000,0x000000005b6f0000)]

siginfo: ExceptionCode=0xc0000005, ExceptionInformation=0x0000000000000008 0xffffffffa4795120

Registers:
RAX=0x00000000623ec758, RBX=0x00000000623ec758, RCX=0x00000000e44cff68, RDX=0x00000000e44cff68
RSP=0x000000005b6eafa8, RBP=0x000000005b6eb000, RSI=0x0000000000000108, RDI=0x0000000000002a3d
R8 =0x00000000e44cfe90, R9 =0x00000000e4825e00, R10=0x00000000572e1bc0, R11=0x0000000003e9f380
R12=0x0000000000000000, R13=0x000000005b6eafb8, R14=0x0000000000000000, R15=0x00000000594cd000
RIP=0xffffffffa4795120, EFLAGS=0x0000000000010202

Top of Stack: (sp=0x000000005b6eafa8)
0x000000005b6eafa8:   0000000002797790 0000000002797790
0x000000005b6eafb8:   00000000e44cff68 000000005b6eafc0
0x000000005b6eafc8:   00000000625fbddb 000000005b6eb050
0x000000005b6eafd8:   0000000062605810 0000000000000000
0x000000005b6eafe8:   00000000625fbe60 000000005b6eafb8
0x000000005b6eaff8:   000000005b6eb048 000000005b6eb098
0x000000005b6eb008:   0000000002797a01 0000000000000000
0x000000005b6eb018:   00000000e24c12e8 00000000e44cff68
0x000000005b6eb028:   00000000e4a3d468 00000000e3b053a0
0x000000005b6eb038:   0000000000000001 00000000e4a312b0
0x000000005b6eb048:   0000000000017600 00000000e2b577a8
0x000000005b6eb058:   000000005b6eb058 00000000625fc06d
0x000000005b6eb068:   000000005b6eb0d0 0000000062605810
0x000000005b6eb078:   0000000000000000 00000000625fc148
0x000000005b6eb088:   000000005b6eb048 000000005b6eb0e0
0x000000005b6eb098:   000000005b6eb180 0000000003e6c24c 

Instructions: (pc=0xffffffffa4795120)
0xffffffffa4795100:   
[error occurred during error reporting (printing registers, top of stack, instructions near pc), id 0xc0000005]

Register to memory mapping:

RAX={method} {0x00000000623ec760} 'getKind' '()Ljavax/lang/model/element/ElementKind;' in 'com/sun/tools/javac/code/Symbol$VarSymbol'
RBX={method} {0x00000000623ec760} 'getKind' '()Ljavax/lang/model/element/ElementKind;' in 'com/sun/tools/javac/code/Symbol$VarSymbol'
RCX=0x00000000e44cff68 is an oop
com.sun.tools.javac.code.Symbol$VarSymbol 
 - klass: 'com/sun/tools/javac/code/Symbol$VarSymbol'
RDX=0x00000000e44cff68 is an oop
com.sun.tools.javac.code.Symbol$VarSymbol 
 - klass: 'com/sun/tools/javac/code/Symbol$VarSymbol'
RSP=0x000000005b6eafa8 is pointing into the stack for thread: 0x00000000594cd000
RBP=0x000000005b6eb000 is pointing into the stack for thread: 0x00000000594cd000
RSI=0x0000000000000108 is an unknown value
RDI=0x0000000000002a3d is an unknown value
R8 =0x00000000e44cfe90 is an oop
com.sun.tools.javac.code.Scope$Entry 
 - klass: 'com/sun/tools/javac/code/Scope$Entry'
R9 =0x00000000e4825e00 is an oop
java.lang.Class 
 - klass: 'java/lang/Class'
R10=0x00000000572e1bc0 is an unknown value
R11=0x0000000003e9f380 is at entry_point+32 in (nmethod*)0x0000000003e9f1d0
R12=0x0000000000000000 is an unknown value
R13=0x000000005b6eafb8 is pointing into the stack for thread: 0x00000000594cd000
R14=0x0000000000000000 is an unknown value
R15=0x00000000594cd000 is a thread


Stack: [0x000000005b5f0000,0x000000005b6f0000],  sp=0x000000005b6eafa8,  free space=1003k
Native frames: (J=compiled Java code, j=interpreted, Vv=VM code, C=native code)
C  0xffffffffa4795120


---------------  P R O C E S S  ---------------

Java Threads: ( => current thread )
  0x00000000589b5800 JavaThread "File lock request listener" [_thread_in_native, id=7136, stack(0x000000005e0a0000,0x000000005e1a0000)]
  0x0000000059e3d800 JavaThread "Stdin handler" [_thread_blocked, id=7904, stack(0x000000005b9b0000,0x000000005bab0000)]
  0x0000000059e3c800 JavaThread "Asynchronous log dispatcher for org.gradle.launcher.daemon.server.DefaultDaemonConnection@75def700" [_thread_blocked, id=5184, stack(0x000000005b800000,0x000000005b900000)]
=>0x00000000594cd000 JavaThread "Daemon worker" [_thread_in_Java, id=8104, stack(0x000000005b5f0000,0x000000005b6f0000)]
  0x00000000594c9000 JavaThread "Cancel handler" [_thread_blocked, id=7376, stack(0x000000005aa00000,0x000000005ab00000)]
  0x0000000059fc0000 JavaThread "Handler for socket connection from /127.0.0.1:51852 to /127.0.0.1:51854" [_thread_in_native, id=1208, stack(0x000000005b3f0000,0x000000005b4f0000)]
  0x0000000059fbd000 JavaThread "Daemon" [_thread_blocked, id=4108, stack(0x000000005b2c0000,0x000000005b3c0000)]
  0x0000000058917800 JavaThread "pool-1-thread-1" [_thread_blocked, id=3624, stack(0x000000005b0b0000,0x000000005b1b0000)]
  0x0000000059567000 JavaThread "Incoming local TCP Connector on port 51852" [_thread_in_native, id=7308, stack(0x000000005acd0000,0x000000005add0000)]
  0x00000000587b4000 JavaThread "Service Thread" daemon [_thread_blocked, id=2604, stack(0x0000000058ed0000,0x0000000058fd0000)]
  0x000000005645e000 JavaThread "C1 CompilerThread2" daemon [_thread_blocked, id=7968, stack(0x0000000058ca0000,0x0000000058da0000)]
  0x000000005645c000 JavaThread "C2 CompilerThread1" daemon [_thread_blocked, id=6388, stack(0x0000000058b80000,0x0000000058c80000)]
  0x0000000056455000 JavaThread "C2 CompilerThread0" daemon [_thread_blocked, id=1644, stack(0x0000000058630000,0x0000000058730000)]
  0x0000000056453800 JavaThread "Attach Listener" daemon [_thread_blocked, id=8044, stack(0x0000000058350000,0x0000000058450000)]
  0x0000000056450000 JavaThread "Signal Dispatcher" daemon [_thread_blocked, id=1484, stack(0x00000000580f0000,0x00000000581f0000)]
  0x0000000056436800 JavaThread "Finalizer" daemon [_thread_blocked, id=3888, stack(0x0000000057c20000,0x0000000057d20000)]
  0x00000000563ef800 JavaThread "Reference Handler" daemon [_thread_blocked, id=6620, stack(0x0000000057f10000,0x0000000058010000)]
  0x00000000022be000 JavaThread "main" [_thread_blocked, id=7504, stack(0x0000000002330000,0x0000000002430000)]

Other Threads:
  0x00000000563e8000 VMThread [stack: 0x0000000057da0000,0x0000000057ea0000] [id=6296]
  0x00000000587bf000 WatcherThread [stack: 0x00000000590b0000,0x00000000591b0000] [id=4488]

VM state:not at safepoint (normal execution)

VM Mutex/Monitor currently owned by a thread: None

Heap:
 PSYoungGen      total 212480K, used 91470K [0x00000000e0000000, 0x00000000edf80000, 0x0000000100000000)
  eden space 200192K, 39% used [0x00000000e0000000,0x00000000e4df24e8,0x00000000ec380000)
  from space 12288K, 94% used [0x00000000ed380000,0x00000000edee1670,0x00000000edf80000)
  to   space 14336K, 0% used [0x00000000ec380000,0x00000000ec380000,0x00000000ed180000)
 ParOldGen       total 46592K, used 22496K [0x00000000a0000000, 0x00000000a2d80000, 0x00000000e0000000)
  object space 46592K, 48% used [0x00000000a0000000,0x00000000a15f8028,0x00000000a2d80000)
 Metaspace       used 56085K, capacity 57400K, committed 57728K, reserved 1099776K
  class space    used 7421K, capacity 7704K, committed 7808K, reserved 1048576K

Card table byte_map: [0x0000000011b50000,0x0000000011e60000] byte_map_base: 0x0000000011650000

Marking Bits: (ParMarkBitMap*) 0x00000000572f9d00
 Begin Bits: [0x0000000012760000, 0x0000000013f60000)
 End Bits:   [0x0000000013f60000, 0x0000000015760000)

Polling page: 0x0000000000230000

CodeCache: size=245760Kb used=23761Kb max_used=23783Kb free=221998Kb
 bounds [0x0000000002790000, 0x0000000003ef0000, 0x0000000011790000]
 total_blobs=7661 nmethods=6932 adapters=642
 compilation: enabled

Compilation events (10 events):
Event: 53.875 Thread 0x000000005645e000 nmethod 7779 0x0000000003eb60d0 code [0x0000000003eb6240, 0x0000000003eb64a8]
Event: 53.875 Thread 0x000000005645e000 7756       3       com.sun.tools.javac.jvm.ClassWriter::writeMemberAttrs (154 bytes)
Event: 53.876 Thread 0x0000000056455000 nmethod 7787 0x0000000003eb5c90 code [0x0000000003eb5de0, 0x0000000003eb5f18]
Event: 53.876 Thread 0x0000000056455000 7793       4       com.sun.tools.javac.util.ArrayUtils::ensureCapacity (30 bytes)
Event: 53.879 Thread 0x0000000056455000 nmethod 7793 0x0000000003eb57d0 code [0x0000000003eb5920, 0x0000000003eb5b28]
Event: 53.879 Thread 0x0000000056455000 7799       4       com.sun.tools.javac.code.Symbol$VarSymbol::getKind (86 bytes)
Event: 53.880 Thread 0x000000005645e000 nmethod 7756 0x0000000003ec1850 code [0x0000000003ec1c00, 0x0000000003ec37c8]
Event: 53.880 Thread 0x000000005645e000 7797       1       com.sun.tools.javac.code.Type$ArrayType::getTag (4 bytes)
Event: 53.880 Thread 0x0000000056455000 nmethod 7799 0x0000000003eb5410 code [0x0000000003eb5560, 0x0000000003eb5658]
Event: 53.880 Thread 0x0000000056455000 7796       4       javax.lang.model.element.ElementKind::isField (20 bytes)

GC Heap History (10 events):
Event: 24.346 GC heap before
{Heap before GC invocations=10 (full 1):
 PSYoungGen      total 107520K, used 106695K [0x00000000e0000000, 0x00000000e7500000, 0x0000000100000000)
  eden space 101376K, 100% used [0x00000000e0000000,0x00000000e6300000,0x00000000e6300000)
  from space 6144K, 86% used [0x00000000e6f00000,0x00000000e7431ee8,0x00000000e7500000)
  to   space 9216K, 0% used [0x00000000e6300000,0x00000000e6300000,0x00000000e6c00000)
 ParOldGen       total 36352K, used 8190K [0x00000000a0000000, 0x00000000a2380000, 0x00000000e0000000)
  object space 36352K, 22% used [0x00000000a0000000,0x00000000a07ffa10,0x00000000a2380000)
 Metaspace       used 34321K, capacity 34896K, committed 35328K, reserved 1079296K
  class space    used 4614K, capacity 4787K, committed 4864K, reserved 1048576K
Event: 24.471 GC heap after
Heap after GC invocations=10 (full 1):
 PSYoungGen      total 110592K, used 9204K [0x00000000e0000000, 0x00000000e9b00000, 0x0000000100000000)
  eden space 101376K, 0% used [0x00000000e0000000,0x00000000e0000000,0x00000000e6300000)
  from space 9216K, 99% used [0x00000000e6300000,0x00000000e6bfd388,0x00000000e6c00000)
  to   space 11776K, 0% used [0x00000000e8f80000,0x00000000e8f80000,0x00000000e9b00000)
 ParOldGen       total 36352K, used 11254K [0x00000000a0000000, 0x00000000a2380000, 0x00000000e0000000)
  object space 36352K, 30% used [0x00000000a0000000,0x00000000a0afdb78,0x00000000a2380000)
 Metaspace       used 34321K, capacity 34896K, committed 35328K, reserved 1079296K
  class space    used 4614K, capacity 4787K, committed 4864K, reserved 1048576K
}
Event: 24.709 GC heap before
{Heap before GC invocations=11 (full 1):
 PSYoungGen      total 110592K, used 11230K [0x00000000e0000000, 0x00000000e9b00000, 0x0000000100000000)
  eden space 101376K, 1% used [0x00000000e0000000,0x00000000e01fa870,0x00000000e6300000)
  from space 9216K, 99% used [0x00000000e6300000,0x00000000e6bfd388,0x00000000e6c00000)
  to   space 11776K, 0% used [0x00000000e8f80000,0x00000000e8f80000,0x00000000e9b00000)
 ParOldGen       total 36352K, used 11254K [0x00000000a0000000, 0x00000000a2380000, 0x00000000e0000000)
  object space 36352K, 30% used [0x00000000a0000000,0x00000000a0afdb78,0x00000000a2380000)
 Metaspace       used 34685K, capacity 35248K, committed 35496K, reserved 1079296K
  class space    used 4644K, capacity 4819K, committed 4864K, reserved 1048576K
Event: 24.823 GC heap after
Heap after GC invocations=11 (full 1):
 PSYoungGen      total 147456K, used 4383K [0x00000000e0000000, 0x00000000eab80000, 0x0000000100000000)
  eden space 135680K, 0% used [0x00000000e0000000,0x00000000e0000000,0x00000000e8480000)
  from space 11776K, 37% used [0x00000000e8f80000,0x00000000e93c7fb0,0x00000000e9b00000)
  to   space 11264K, 0% used [0x00000000e8480000,0x00000000e8480000,0x00000000e8f80000)
 ParOldGen       total 36352K, used 14438K [0x00000000a0000000, 0x00000000a2380000, 0x00000000e0000000)
  object space 36352K, 39% used [0x00000000a0000000,0x00000000a0e19bd0,0x00000000a2380000)
 Metaspace       used 34685K, capacity 35248K, committed 35496K, reserved 1079296K
  class space    used 4644K, capacity 4819K, committed 4864K, reserved 1048576K
}
Event: 24.824 GC heap before
{Heap before GC invocations=12 (full 2):
 PSYoungGen      total 147456K, used 4383K [0x00000000e0000000, 0x00000000eab80000, 0x0000000100000000)
  eden space 135680K, 0% used [0x00000000e0000000,0x00000000e0000000,0x00000000e8480000)
  from space 11776K, 37% used [0x00000000e8f80000,0x00000000e93c7fb0,0x00000000e9b00000)
  to   space 11264K, 0% used [0x00000000e8480000,0x00000000e8480000,0x00000000e8f80000)
 ParOldGen       total 36352K, used 14438K [0x00000000a0000000, 0x00000000a2380000, 0x00000000e0000000)
  object space 36352K, 39% used [0x00000000a0000000,0x00000000a0e19bd0,0x00000000a2380000)
 Metaspace       used 34685K, capacity 35248K, committed 35496K, reserved 1079296K
  class space    used 4644K, capacity 4819K, committed 4864K, reserved 1048576K
Event: 24.997 GC heap after
Heap after GC invocations=12 (full 2):
 PSYoungGen      total 147456K, used 0K [0x00000000e0000000, 0x00000000eab80000, 0x0000000100000000)
  eden space 135680K, 0% used [0x00000000e0000000,0x00000000e0000000,0x00000000e8480000)
  from space 11776K, 0% used [0x00000000e8f80000,0x00000000e8f80000,0x00000000e9b00000)
  to   space 11264K, 0% used [0x00000000e8480000,0x00000000e8480000,0x00000000e8f80000)
 ParOldGen       total 46592K, used 14302K [0x00000000a0000000, 0x00000000a2d80000, 0x00000000e0000000)
  object space 46592K, 30% used [0x00000000a0000000,0x00000000a0df7810,0x00000000a2d80000)
 Metaspace       used 34685K, capacity 35248K, committed 35496K, reserved 1079296K
  class space    used 4644K, capacity 4819K, committed 4864K, reserved 1048576K
}
Event: 32.003 GC heap before
{Heap before GC invocations=13 (full 2):
 PSYoungGen      total 147456K, used 135680K [0x00000000e0000000, 0x00000000eab80000, 0x0000000100000000)
  eden space 135680K, 100% used [0x00000000e0000000,0x00000000e8480000,0x00000000e8480000)
  from space 11776K, 0% used [0x00000000e8f80000,0x00000000e8f80000,0x00000000e9b00000)
  to   space 11264K, 0% used [0x00000000e8480000,0x00000000e8480000,0x00000000e8f80000)
 ParOldGen       total 46592K, used 14302K [0x00000000a0000000, 0x00000000a2d80000, 0x00000000e0000000)
  object space 46592K, 30% used [0x00000000a0000000,0x00000000a0df7810,0x00000000a2d80000)
 Metaspace       used 43257K, capacity 44174K, committed 44416K, reserved 1087488K
  class space    used 5781K, capacity 5983K, committed 6016K, reserved 1048576K
Event: 32.092 GC heap after
Heap after GC invocations=13 (full 2):
 PSYoungGen      total 146944K, used 11256K [0x00000000e0000000, 0x00000000ee080000, 0x0000000100000000)
  eden space 135680K, 0% used [0x00000000e0000000,0x00000000e0000000,0x00000000e8480000)
  from space 11264K, 99% used [0x00000000e8480000,0x00000000e8f7e3a0,0x00000000e8f80000)
  to   space 13312K, 0% used [0x00000000ed380000,0x00000000ed380000,0x00000000ee080000)
 ParOldGen       total 46592K, used 15158K [0x00000000a0000000, 0x00000000a2d80000, 0x00000000e0000000)
  object space 46592K, 32% used [0x00000000a0000000,0x00000000a0ecd900,0x00000000a2d80000)
 Metaspace       used 43257K, capacity 44174K, committed 44416K, reserved 1087488K
  class space    used 5781K, capacity 5983K, committed 6016K, reserved 1048576K
}
Event: 41.300 GC heap before
{Heap before GC invocations=14 (full 2):
 PSYoungGen      total 146944K, used 146936K [0x00000000e0000000, 0x00000000ee080000, 0x0000000100000000)
  eden space 135680K, 100% used [0x00000000e0000000,0x00000000e8480000,0x00000000e8480000)
  from space 11264K, 99% used [0x00000000e8480000,0x00000000e8f7e3a0,0x00000000e8f80000)
  to   space 13312K, 0% used [0x00000000ed380000,0x00000000ed380000,0x00000000ee080000)
 ParOldGen       total 46592K, used 15158K [0x00000000a0000000, 0x00000000a2d80000, 0x00000000e0000000)
  object space 46592K, 32% used [0x00000000a0000000,0x00000000a0ecd900,0x00000000a2d80000)
 Metaspace       used 49930K, capacity 51164K, committed 51328K, reserved 1093632K
  class space    used 6664K, capacity 6950K, committed 7040K, reserved 1048576K
Event: 41.403 GC heap after
Heap after GC invocations=14 (full 2):
 PSYoungGen      total 212480K, used 11653K [0x00000000e0000000, 0x00000000edf80000, 0x0000000100000000)
  eden space 200192K, 0% used [0x00000000e0000000,0x00000000e0000000,0x00000000ec380000)
  from space 12288K, 94% used [0x00000000ed380000,0x00000000edee1670,0x00000000edf80000)
  to   space 14336K, 0% used [0x00000000ec380000,0x00000000ec380000,0x00000000ed180000)
 ParOldGen       total 46592K, used 22496K [0x00000000a0000000, 0x00000000a2d80000, 0x00000000e0000000)
  object space 46592K, 48% used [0x00000000a0000000,0x00000000a15f8028,0x00000000a2d80000)
 Metaspace       used 49930K, capacity 51164K, committed 51328K, reserved 1093632K
  class space    used 6664K, capacity 6950K, committed 7040K, reserved 1048576K
}

Deoptimization events (10 events):
Event: 52.362 Thread 0x00000000594cd000 Uncommon trap: reason=unstable_if action=reinterpret pc=0x0000000002f42f88 method=com.sun.tools.javac.parser.Scanner.token(I)Lcom/sun/tools/javac/parser/Tokens$Token; @ 1
Event: 52.362 Thread 0x00000000594cd000 Uncommon trap: reason=unstable_if action=reinterpret pc=0x0000000002cfeca4 method=com.sun.tools.javac.parser.Scanner.nextToken()V @ 17
Event: 52.475 Thread 0x00000000594cd000 Uncommon trap: reason=unstable_if action=reinterpret pc=0x0000000003d0a53c method=com.sun.tools.javac.file.ZipFileIndex$Entry.compareTo(Lcom/sun/tools/javac/file/ZipFileIndex$Entry;)I @ 23
Event: 52.475 Thread 0x00000000594cd000 Uncommon trap: reason=unstable_if action=reinterpret pc=0x0000000003d093e8 method=com.sun.tools.javac.file.ZipFileIndex$Entry.compareTo(Lcom/sun/tools/javac/file/ZipFileIndex$Entry;)I @ 23
Event: 52.568 Thread 0x00000000594cd000 Uncommon trap: reason=unstable_if action=reinterpret pc=0x0000000002c36950 method=com.sun.tools.javac.util.Name$Table.equals([BI[BII)Z @ 22
Event: 53.277 Thread 0x00000000594cd000 Uncommon trap: reason=bimorphic action=maybe_recompile pc=0x0000000003dbc4c8 method=com.sun.tools.javac.tree.JCTree$JCVariableDecl.accept(Lcom/sun/tools/javac/tree/JCTree$Visitor;)V @ 2
Event: 53.287 Thread 0x00000000594cd000 Uncommon trap: reason=bimorphic action=maybe_recompile pc=0x0000000003dbc4c8 method=com.sun.tools.javac.tree.JCTree$JCVariableDecl.accept(Lcom/sun/tools/javac/tree/JCTree$Visitor;)V @ 2
Event: 53.337 Thread 0x00000000594cd000 Uncommon trap: reason=bimorphic action=maybe_recompile pc=0x0000000003dbc4c8 method=com.sun.tools.javac.tree.JCTree$JCVariableDecl.accept(Lcom/sun/tools/javac/tree/JCTree$Visitor;)V @ 2
Event: 53.352 Thread 0x00000000594cd000 Uncommon trap: reason=bimorphic action=maybe_recompile pc=0x0000000003dbc4c8 method=com.sun.tools.javac.tree.JCTree$JCVariableDecl.accept(Lcom/sun/tools/javac/tree/JCTree$Visitor;)V @ 2
Event: 53.869 Thread 0x00000000594cd000 Uncommon trap: reason=unstable_if action=reinterpret pc=0x0000000003dc0374 method=com.sun.tools.javac.code.Scope.enter(Lcom/sun/tools/javac/code/Symbol;Lcom/sun/tools/javac/code/Scope;Lcom/sun/tools/javac/code/Scope;Z)V @ 116

Internal exceptions (10 events):
Event: 35.016 Thread 0x00000000594cd000 Exception <a 'java/lang/ClassNotFoundException': org/gradle/model/internal/core/NodeBackedModelMapCustomizer> (0x00000000e3f1bdc0) thrown at [C:\src\android\AOSP-openjdk\external\jetbrains\jdk\hotspot\src\share\vm\classfile\systemDictionary.cpp, line 210]
Event: 35.019 Thread 0x00000000594cd000 Exception <a 'java/lang/ClassNotFoundException': org/gradle/platform/base/BinaryContainer_ImplCustomizer> (0x00000000e3f78cf8) thrown at [C:\src\android\AOSP-openjdk\external\jetbrains\jdk\hotspot\src\share\vm\classfile\systemDictionary.cpp, line 210]
Event: 35.892 Thread 0x00000000594cd000 Exception <a 'java/lang/NoSuchMethodError': <clinit>> (0x00000000e4442f50) thrown at [C:\src\android\AOSP-openjdk\external\jetbrains\jdk\hotspot\src\share\vm\prims\jni.cpp, line 1591]
Event: 35.893 Thread 0x00000000594cd000 Exception <a 'java/lang/NoSuchMethodError': <clinit>> (0x00000000e444ff38) thrown at [C:\src\android\AOSP-openjdk\external\jetbrains\jdk\hotspot\src\share\vm\prims\jni.cpp, line 1591]
Event: 36.071 Thread 0x00000000594cd000 Exception <a 'java/lang/NoSuchMethodError': <clinit>> (0x00000000e46544e8) thrown at [C:\src\android\AOSP-openjdk\external\jetbrains\jdk\hotspot\src\share\vm\prims\jni.cpp, line 1591]
Event: 36.072 Thread 0x00000000594cd000 Exception <a 'java/lang/NoSuchMethodError': <clinit>> (0x00000000e466ccf8) thrown at [C:\src\android\AOSP-openjdk\external\jetbrains\jdk\hotspot\src\share\vm\prims\jni.cpp, line 1591]
Event: 36.078 Thread 0x00000000594cd000 Exception <a 'java/lang/NoSuchMethodError': <clinit>> (0x00000000e466e210) thrown at [C:\src\android\AOSP-openjdk\external\jetbrains\jdk\hotspot\src\share\vm\prims\jni.cpp, line 1591]
Event: 40.981 Thread 0x00000000594cd000 Implicit null exception at 0x0000000003c387d7 to 0x0000000003c388c3
Event: 41.065 Thread 0x00000000594cd000 Implicit null exception at 0x0000000003c35940 to 0x0000000003c35971
Event: 47.879 Thread 0x00000000594cd000 Implicit null exception at 0x0000000003b421cd to 0x0000000003b43635

Events (10 events):
Event: 53.614 loading class com/sun/tools/javac/jvm/ClassWriter$1 done
Event: 53.619 loading class com/sun/tools/javac/code/Attribute$RetentionPolicy
Event: 53.619 loading class com/sun/tools/javac/code/Attribute$RetentionPolicy done
Event: 53.620 loading class com/sun/tools/javac/jvm/ClassFile$NameAndType
Event: 53.620 loading class com/sun/tools/javac/jvm/ClassFile$NameAndType done
Event: 53.621 loading class com/sun/tools/javac/jvm/Pool$Variable
Event: 53.621 loading class com/sun/tools/javac/jvm/Pool$Variable done
Event: 53.869 Thread 0x00000000594cd000 Uncommon trap: trap_request=0xffffff65 fr.pc=0x0000000003dc0374
Event: 53.869 Thread 0x00000000594cd000 DEOPT PACKING pc=0x0000000003dc0374 sp=0x000000005b6eb760
Event: 53.869 Thread 0x00000000594cd000 DEOPT UNPACKING pc=0x00000000027d556a sp=0x000000005b6eb710 mode 2


Dynamic libraries:
0x000000013f680000 - 0x000000013f6b1000 	E:\Android\Android Studio\jre\bin\java.exe
0x00000000776c0000 - 0x000000007786a000 	C:\Windows\SYSTEM32\ntdll.dll
0x00000000775a0000 - 0x00000000776bf000 	C:\Windows\system32\kernel32.dll
0x000007fefd470000 - 0x000007fefd4db000 	C:\Windows\system32\KERNELBASE.dll
0x000007feff870000 - 0x000007feff94b000 	C:\Windows\system32\ADVAPI32.dll
0x000007fefddd0000 - 0x000007fefde6f000 	C:\Windows\system32\msvcrt.dll
0x000007fefdac0000 - 0x000007fefdadf000 	C:\Windows\SYSTEM32\sechost.dll
0x000007feff740000 - 0x000007feff86d000 	C:\Windows\system32\RPCRT4.dll
0x00000000774a0000 - 0x000000007759a000 	C:\Windows\system32\USER32.dll
0x000007feff6d0000 - 0x000007feff737000 	C:\Windows\system32\GDI32.dll
0x000007feff2d0000 - 0x000007feff2de000 	C:\Windows\system32\LPK.dll
0x000007feff600000 - 0x000007feff6ca000 	C:\Windows\system32\USP10.dll
0x000007fefbe30000 - 0x000007fefc024000 	C:\Windows\WinSxS\amd64_microsoft.windows.common-controls_6595b64144ccf1df_6.0.7601.18837_none_fa3b1e3d17594757\COMCTL32.dll
0x000007feff950000 - 0x000007feff9c1000 	C:\Windows\system32\SHLWAPI.dll
0x000007fefd800000 - 0x000007fefd82e000 	C:\Windows\system32\IMM32.DLL
0x000007fefdcc0000 - 0x000007fefddc9000 	C:\Windows\system32\MSCTF.dll
0x0000000058530000 - 0x0000000058602000 	E:\Android\Android Studio\jre\jre\bin\msvcr100.dll
0x0000000056b40000 - 0x0000000057374000 	E:\Android\Android Studio\jre\jre\bin\server\jvm.dll
0x000007fee91c0000 - 0x000007fee91c9000 	C:\Windows\system32\WSOCK32.dll
0x000007feff5b0000 - 0x000007feff5fd000 	C:\Windows\system32\WS2_32.dll
0x000007fefde70000 - 0x000007fefde78000 	C:\Windows\system32\NSI.dll
0x000007fefafc0000 - 0x000007fefaffb000 	C:\Windows\system32\WINMM.dll
0x000007fefc4c0000 - 0x000007fefc4cc000 	C:\Windows\system32\VERSION.dll
0x0000000077890000 - 0x0000000077897000 	C:\Windows\system32\PSAPI.DLL
0x000007fefbb60000 - 0x000007fefbb6f000 	E:\Android\Android Studio\jre\jre\bin\verify.dll
0x000007fefa710000 - 0x000007fefa739000 	E:\Android\Android Studio\jre\jre\bin\java.dll
0x000007fefa6f0000 - 0x000007fefa706000 	E:\Android\Android Studio\jre\jre\bin\zip.dll
0x000007fefe2b0000 - 0x000007feff03a000 	C:\Windows\system32\SHELL32.dll
0x000007fefde80000 - 0x000007fefe083000 	C:\Windows\system32\ole32.dll
0x000007fefd450000 - 0x000007fefd45f000 	C:\Windows\system32\profapi.dll
0x000007fefa6d0000 - 0x000007fefa6ea000 	E:\Android\Android Studio\jre\jre\bin\net.dll
0x000007fefcbe0000 - 0x000007fefcc35000 	C:\Windows\system32\mswsock.dll
0x000007fefcbd0000 - 0x000007fefcbd7000 	C:\Windows\System32\wship6.dll
0x000007fef3c30000 - 0x000007fef3c41000 	E:\Android\Android Studio\jre\jre\bin\nio.dll
0x000007fee95c0000 - 0x000007fee95d2000 	C:\Users\Larisa\.gradle\native\19\windows-amd64\native-platform.dll
0x000007fefcc40000 - 0x000007fefcc58000 	C:\Windows\system32\CRYPTSP.dll
0x000007fefc940000 - 0x000007fefc987000 	C:\Windows\system32\rsaenh.dll
0x000007fefd790000 - 0x000007fefd7ae000 	C:\Windows\system32\USERENV.dll
0x000007fefd2e0000 - 0x000007fefd2ef000 	C:\Windows\system32\CRYPTBASE.dll
0x000007fefac00000 - 0x000007fefac27000 	C:\Windows\system32\IPHLPAPI.DLL
0x000007fefabf0000 - 0x000007fefabfb000 	C:\Windows\system32\WINNSI.DLL
0x000007fef9cb0000 - 0x000007fef9cc1000 	C:\Windows\system32\dhcpcsvc6.DLL
0x000007fef9c90000 - 0x000007fef9ca8000 	C:\Windows\system32\dhcpcsvc.DLL
0x000007fefa6c0000 - 0x000007fefa6cd000 	E:\Android\Android Studio\jre\jre\bin\management.dll
0x000007fefd240000 - 0x000007fefd297000 	C:\Windows\system32\apphelp.dll
0x000007fee2e50000 - 0x000007fee2f75000 	C:\Windows\system32\dbghelp.dll

VM Arguments:
jvm_args: -Xmx1536m -Dfile.encoding=windows-1252 -Duser.country=US -Duser.language=en -Duser.variant 
java_command: org.gradle.launcher.daemon.bootstrap.GradleDaemon 2.14.1
java_class_path (initial): E:\Android\Android Studio\gradle\gradle-2.14.1\lib\gradle-launcher-2.14.1.jar
Launcher Type: SUN_STANDARD

Environment Variables:
JAVA_HOME=C:\Program Files\Java\jdk1.8.0_92
CLASSPATH=.;
PATH=C:\ProgramData\Oracle\Java\javapath;C:\Program Files\Common Files\Microsoft Shared\Windows Live;C:\Program Files (x86)\Common Files\Microsoft Shared\Windows Live;C:\Program Files (x86)\NVIDIA Corporation\PhysX\Common;C:\Windows\system32;C:\Windows;C:\Windows\System32\Wbem;C:\Windows\System32\WindowsPowerShell\v1.0\;C:\Program Files (x86)\Windows Live\Shared;C:\Program Files\Sublime Text 3\;c:\Program Files (x86)\Git\cmd\;C:\Program Files\Git\cmd;C:\Program Files (x86)\Heroku\bin;C:\Program Files (x86)\git\cmd;C:\Program Files (x86)\Skype\Phone\;C:\Program Files (x86)\nodejs\;C:\Program Files\Java\jdk1.8.0_92\bin;C:\ProgramData\chocolatey\bin;;C:\Windows\System32\WindowsPowerShell\v1.0\;e:\SDKs\Android\sdk2\platform-tools\;e:\SDKs\Android\sdk2\platforms\android-22\;C:\Program Files\VDownloader;C:\Ruby22-x64\bin;C:\Users\Larisa\.babun;C:\Users\Larisa\AppData\Roaming\npm;C:\Users\Larisa\AppData\Local\atom\bin
USERNAME=Larisa
OS=Windows_NT
PROCESSOR_IDENTIFIER=Intel64 Family 6 Model 23 Stepping 7, GenuineIntel



---------------  S Y S T E M  ---------------

OS: Windows 7 , 64 bit Build 7601 (6.1.7601.19135)

CPU:total 4 (4 cores per cpu, 1 threads per core) family 6 model 23 stepping 7, cmov, cx8, fxsr, mmx, sse, sse2, sse3, ssse3, sse4.1, tsc

Memory: 4k page, physical 4192824k(402872k free), swap 8383812k(2846880k free)

vm_info: OpenJDK 64-Bit Server VM (25.76-b03) for windows-amd64 JRE (1.8.0_76-release-b03), built on Jun 29 2016 19:09:20 by "ralucas" with MS VC++ 10.0 (VS2010)

time: Tue Mar 07 13:00:09 2017
elapsed time: 54 seconds (0d 0h 0m 54s)

